<?xml version="1.0" encoding="UTF-8"?>
<!-- Generated by org.testng.reporters.JUnitReportReporter -->
<testsuite hostname="DESKTOP-UFVK72C" failures="0" tests="1" name="automationtesting.AlertsPractice" time="37.112" errors="0" timestamp="2024-03-09T08:12:30 IST" skipped="0">
  <testcase classname="automationtesting.AlertsPractice" name="alertsExample" time="37.112"/>
  <system-out/>
</testsuite> <!-- automationtesting.AlertsPractice -->
