<?xml version="1.0" encoding="UTF-8"?>
<!-- Generated by org.testng.reporters.JUnitReportReporter -->
<testsuite hostname="DESKTOP-UFVK72C" failures="0" tests="1" name="automationtesting.WaitsInSelenium" time="17.167" errors="0" timestamp="2024-03-12T21:57:52 GMT-04:00" skipped="0">
  <testcase classname="automationtesting.WaitsInSelenium" name="waitsInSelenium" time="17.167"/>
  <system-out/>
</testsuite> <!-- automationtesting.WaitsInSelenium -->
