<?xml version="1.0" encoding="UTF-8"?>
<!-- Generated by org.testng.reporters.JUnitReportReporter -->
<testsuite hostname="DESKTOP-UFVK72C" failures="0" tests="1" name="automationtesting.FacebookRegistration" time="6.622" errors="0" timestamp="2024-03-12T21:10:49 GMT-04:00" skipped="0">
  <testcase classname="automationtesting.FacebookRegistration" name="facebookReg" time="6.622"/>
  <system-out/>
</testsuite> <!-- automationtesting.FacebookRegistration -->
