<?xml version="1.0" encoding="UTF-8"?>
<!-- Generated by org.testng.reporters.JUnitReportReporter -->
<testsuite hostname="DESKTOP-UFVK72C" failures="0" tests="1" name="automationtesting.WindowsHandling" time="26.739" errors="0" timestamp="2024-03-12T22:07:19 GMT-04:00" skipped="0">
  <testcase classname="automationtesting.WindowsHandling" name="windowsHandling" time="26.739"/>
  <system-out/>
</testsuite> <!-- automationtesting.WindowsHandling -->
