<?xml version="1.0" encoding="UTF-8"?>
<!-- Generated by org.testng.reporters.JUnitReportReporter -->
<testsuite hostname="DESKTOP-UFVK72C" failures="0" tests="1" name="automationtesting.ExceptionHandling" time="11.265" errors="0" timestamp="2024-04-05T07:10:59 IST" skipped="0">
  <testcase classname="automationtesting.ExceptionHandling" name="exceptionHandling" time="11.265"/>
  <system-out/>
</testsuite> <!-- automationtesting.ExceptionHandling -->
