<?xml version="1.0" encoding="UTF-8"?>
<!-- Generated by org.testng.reporters.JUnitReportReporter -->
<testsuite hostname="DESKTOP-UFVK72C" failures="0" tests="1" name="automationtesting.DragAndDrop" time="22.990" errors="0" timestamp="2024-04-04T07:13:18 IST" skipped="0">
  <testcase classname="automationtesting.DragAndDrop" name="dragAndDrop" time="22.990"/>
  <system-out/>
</testsuite> <!-- automationtesting.DragAndDrop -->
