<?xml version="1.0" encoding="UTF-8"?>
<!-- Generated by org.testng.reporters.JUnitReportReporter -->
<testsuite hostname="DESKTOP-UFVK72C" failures="0" tests="1" name="automationtesting.ActionsPractice" time="33.647" errors="0" timestamp="2024-04-03T23:07:07 IST" skipped="0">
  <testcase classname="automationtesting.ActionsPractice" name="dragAndDrop" time="33.647"/>
  <system-out/>
</testsuite> <!-- automationtesting.ActionsPractice -->
